Resolving dependencies...
Build profile: -w ghc-9.6.5 -O1
In order, the following will be built (use -v for more details):
 - lsm-tree-0.1.0.0 (bench:lsm-tree-macro-bench) (configuration changed)
Configuring benchmark 'lsm-tree-macro-bench' for lsm-tree-0.1.0.0..
Preprocessing benchmark 'lsm-tree-macro-bench' for lsm-tree-0.1.0.0..
Building benchmark 'lsm-tree-macro-bench' for lsm-tree-0.1.0.0..
[4 of 5] Compiling Bench.Database.LSMTree.Internal.Lookup ( bench/macro/Bench/Database/LSMTree/Internal/Lookup.hs, /home/joris/repos/lsm/lsm-tree/dist-newstyle/build/x86_64-linux/ghc-9.6.5/lsm-tree-0.1.0.0/b/lsm-tree-macro-bench/build/lsm-tree-macro-bench/lsm-tree-macro-bench-tmp/Bench/Database/LSMTree/Internal/Lookup.o ) [Source file changed]
[6 of 6] Linking /home/joris/repos/lsm/lsm-tree/dist-newstyle/build/x86_64-linux/ghc-9.6.5/lsm-tree-0.1.0.0/b/lsm-tree-macro-bench/build/lsm-tree-macro-bench/lsm-tree-macro-bench [Objects changed]
Precomputed run stats:
(numEntries, sizeFactor)
(16384,1)
(16384,1)
(16384,1)
(16384,1)
(16384,1)
(16384,1)
(16384,1)
(16384,1)
(65536,4)
(65536,4)
(65536,4)
(65536,4)
(65536,4)
(65536,4)
(65536,4)
(65536,4)
(262144,16)
(262144,16)
(262144,16)
(262144,16)
(262144,16)
(262144,16)
(262144,16)
(262144,16)
(1048576,64)
(1048576,64)
(1048576,64)
(1048576,64)
(1048576,64)
(1048576,64)
(1048576,64)
(1048576,64)
(4194304,256)
(4194304,256)
(4194304,256)
(4194304,256)
(4194304,256)
(4194304,256)
(4194304,256)
(4194304,256)
(67108864,4096)
total number of entries:	 111804416
total number of key lookups:	 1000000
<Generating runs>vectorOfUniforms..........................................................................................................................................................................................................................................................................................................................................................................................................................................................................................................................................................................................................................................................................................................................................................................................................................................................................................................................................................................................................................................................................................................................................................................................................................................................................................................................................................................................................................................................................................................................................................................................................................................................................................................................................................................DONEshuffle..........................................................................................................................................................................................................................................................................................................................................................................................................................................................................................................................................................................................................................................................................................................................................................................................................................................................................................................................................................................................................................................................................................................................................................................................................................................................................................................................................................................................................................................................................................................................................................................................................................................................................................................................................................................DONEaddKeyOp................................................................................................................................................................................................................................................................................................................................................................................................................................................................................................................................................................................................................................................................................................................................................................................................................................................................................................................................................................................................................................................................................................................................................................................................................................................................................................................................................................................................................................................................................................................................................................................................................................................................................................................................................................................DONE<finished>
Actual stats for generated runs:
(numEntries, numPages, hashesN, bits per entry)
(NumEntries {unNumEntries = 16384},400,6,9.18939208984375)
(NumEntries {unNumEntries = 16384},400,6,9.18939208984375)
(NumEntries {unNumEntries = 16384},400,6,9.18939208984375)
(NumEntries {unNumEntries = 16384},400,6,9.18939208984375)
(NumEntries {unNumEntries = 16384},400,6,9.18939208984375)
(NumEntries {unNumEntries = 16384},400,6,9.18939208984375)
(NumEntries {unNumEntries = 16384},400,6,9.18939208984375)
(NumEntries {unNumEntries = 16384},400,6,9.18939208984375)
(NumEntries {unNumEntries = 65536},1599,6,9.189346313476563)
(NumEntries {unNumEntries = 65536},1599,6,9.189346313476563)
(NumEntries {unNumEntries = 65536},1599,6,9.189346313476563)
(NumEntries {unNumEntries = 65536},1599,6,9.189346313476563)
(NumEntries {unNumEntries = 65536},1599,6,9.189346313476563)
(NumEntries {unNumEntries = 65536},1599,6,9.189346313476563)
(NumEntries {unNumEntries = 65536},1599,6,9.189346313476563)
(NumEntries {unNumEntries = 65536},1599,6,9.189346313476563)
(NumEntries {unNumEntries = 262144},6394,6,9.189579010009766)
(NumEntries {unNumEntries = 262144},6394,6,9.189579010009766)
(NumEntries {unNumEntries = 262144},6394,6,9.189579010009766)
(NumEntries {unNumEntries = 262144},6394,6,9.189579010009766)
(NumEntries {unNumEntries = 262144},6394,6,9.189579010009766)
(NumEntries {unNumEntries = 262144},6394,6,9.189579010009766)
(NumEntries {unNumEntries = 262144},6394,6,9.189579010009766)
(NumEntries {unNumEntries = 262144},6394,6,9.189579010009766)
(NumEntries {unNumEntries = 1048576},25576,6,9.189587593078613)
(NumEntries {unNumEntries = 1048576},25576,6,9.189587593078613)
(NumEntries {unNumEntries = 1048576},25576,6,9.189587593078613)
(NumEntries {unNumEntries = 1048576},25576,6,9.189587593078613)
(NumEntries {unNumEntries = 1048576},25576,6,9.189587593078613)
(NumEntries {unNumEntries = 1048576},25576,6,9.189587593078613)
(NumEntries {unNumEntries = 1048576},25576,6,9.189587593078613)
(NumEntries {unNumEntries = 1048576},25576,6,9.189587593078613)
(NumEntries {unNumEntries = 4194304},102303,6,9.18958592414856)
(NumEntries {unNumEntries = 4194304},102302,6,9.18958592414856)
(NumEntries {unNumEntries = 4194304},102302,6,9.18958592414856)
(NumEntries {unNumEntries = 4194304},102301,6,9.18958592414856)
(NumEntries {unNumEntries = 4194304},102303,6,9.18958592414856)
(NumEntries {unNumEntries = 4194304},102302,6,9.18958592414856)
(NumEntries {unNumEntries = 4194304},102301,6,9.18958592414856)
(NumEntries {unNumEntries = 4194304},102302,6,9.18958592414856)
(NumEntries {unNumEntries = 67108864},1637295,6,9.189586654305458)
Pausing. Drop caches now! When ready, press enter.
Benchmarking benchGenKeyBatches ... 
Calculate batches of keys. This serves as a baseline for later benchmark runs to compare against.
Finished.
Time total:        1.05e-2 seconds
Alloc total:       9.62e7 bytes
Time net:          1.05e-2 seconds
Alloc net:         9.62e7 bytes
Time net per key:  1.05e-8 seconds
Alloc net per key: 96.21 bytes

Benchmarking benchBloomQueries ... 
Calculate batches of keys, and perform bloom queries for each batch. Net time/allocation is the result of subtracting the cost of benchGenKeyBatches.
Finished.
Time total:        2.91 seconds
Alloc total:       1.36e8 bytes
Time net:          2.90 seconds
Alloc net:         4.00e7 bytes
Time net per key:  2.90e-6 seconds
Alloc net per key: 40.01 bytes

Benchmarking benchIndexSearches ... 
Calculate batches of keys, perform bloom queries for each batch, and perform index searches for positively queried keys in each batch. Net time/allocation is the result of subtracting the cost of benchGenKeyBatches and benchBloomQueries.
Finished.
Time total:        3.55 seconds
Alloc total:       6.34e9 bytes
Time net:          0.65 seconds
Alloc net:         6.21e9 bytes
Time net per key:  6.48e-7 seconds
Alloc net per key: 6206.69 bytes

Benchmarking benchPrepLookups ... 
Calculate batches of keys, and prepare lookups for each batch. This is roughly doing the same amount of work as benchIndexSearches. Net time/allocation is the result of subtracting the cost of benchGenKeyBatches.
Finished.
Time total:        3.59 seconds
Alloc total:       6.34e9 bytes
Time net:          3.58 seconds
Alloc net:         6.25e9 bytes
Time net per key:  3.58e-6 seconds
Alloc net per key: 6246.70 bytes

Benchmarking benchLookupsInBatches ... 
Calculate batches of keys, and perform disk lookups for each batch. This is roughly doing the same as benchPrepLookups, but also performing the disk I/O and resolving values. Net time/allocation is the result of subtracting the cost of benchGenKeyBatches.
Finished.
Time total:        10.94 seconds
Alloc total:       7.34e9 bytes
Time net:          10.92 seconds
Alloc net:         7.25e9 bytes
Time net per key:  1.09e-5 seconds
Alloc net per key: 7248.73 bytes

Cleaning up runs
<Computing statistics for prepLookups>classifyLookups...................................................................................................................................................................................................................................................................................................................................................................................................................................................................................................................................................................................................................................................................................................................................................................................................................................................................................................................................................................................................................................................................................................................................................................................................................................................................................................................................................................................................................................................................................................................................................................................................................................................................................................................................................................................................................................................................................................................................................................................................................................................................................................................................................................................................................................................................................................................................................................................................................................................................................................................................................................................................................................................................................................................................................................................................................................................................................................................................................................................................................................................................................................................................................................................................................................................................................................................................................................................................................................................................................................................................................................................................................................................................................................................................................................................................................................................................................................................................................................................................................................................................DONE<finished>
Statistics for prepLookups:
(positives, fpr, tp, fn, fp, tn)
(1486214,1.2009371881500206e-2,1000000,0,486214,40000000)
