GlobalOpts {rootDir = "_bench_session", initialSize = 100000000}
CmdRun (RunOpts {batchCount = 200000, batchSize = 256, check = False, seed = 1337})
Properer run: 596.646 sec
Proper run: 606.225 sec
    Command being timed: "./dist-newstyle/build/x86_64-linux/ghc-9.6.5/lsm-tree-0.1.0.0/b/lsm-tree-bench-wp8/build/lsm-tree-bench-wp8/lsm-tree-bench-wp8 run --batch-count 200000"
    User time (seconds): 470.52
    System time (seconds): 114.19
    Percent of CPU this job got: 96%
    Elapsed (wall clock) time (h:mm:ss or m:ss): 10:06.28
    Average shared text size (kbytes): 0
    Average unshared data size (kbytes): 0
    Average stack size (kbytes): 0
    Average total size (kbytes): 0
    Maximum resident set size (kbytes): 534020
    Average resident set size (kbytes): 0
    Major (requiring I/O) page faults: 121
    Minor (reclaiming a frame) page faults: 134590
    Voluntary context switches: 1866737
    Involuntary context switches: 9896
    Swaps: 0
    File system inputs: 37026024
    File system outputs: 83449464
    Socket messages sent: 0
    Socket messages received: 0
    Signals delivered: 0
    Page size (bytes): 4096
    Exit status: 0