GlobalOpts {rootDir = "_bench_session", initialSize = 100000000}
CmdRun (RunOpts {batchCount = 200000, batchSize = 256, check = False, seed = 1337})
Properer run: 698.410 sec
Proper run: 714.012 sec
	Command being timed: "./dist-newstyle/build/x86_64-linux/ghc-9.6.5/lsm-tree-0.1.0.0/b/lsm-tree-bench-wp8/build/lsm-tree-bench-wp8/lsm-tree-bench-wp8 run --batch-count 200000"
	User time (seconds): 499.14
	System time (seconds): 265.01
	Percent of CPU this job got: 107%
	Elapsed (wall clock) time (h:mm:ss or m:ss): 11:54.08
	Average shared text size (kbytes): 0
	Average unshared data size (kbytes): 0
	Average stack size (kbytes): 0
	Average total size (kbytes): 0
	Maximum resident set size (kbytes): 580480
	Average resident set size (kbytes): 0
	Major (requiring I/O) page faults: 86
	Minor (reclaiming a frame) page faults: 143235
	Voluntary context switches: 20708443
	Involuntary context switches: 1007306
	Swaps: 0
	File system inputs: 198167320
	File system outputs: 83449440
	Socket messages sent: 0
	Socket messages received: 0
	Signals delivered: 0
	Page size (bytes): 4096
	Exit status: 0